********* Restore Archive Project on 2023-04-13 13:57:27 *********
GOWIN Version: 1.9.8.09
Archive file: /home/tvl/Gowin/Projects/reciever/reciever.gar
Restore Archived file to: /home/tvl/Gowin/Projects/reciever
Restore Successfully


********* Files Restored *********
reciever/impl/
reciever/impl/project_process_config.json
reciever/reciever.gprj
reciever/reciever.gprj.user
reciever/src/RAM_based_shift_reg/
reciever/src/RAM_based_shift_reg/RAM_based_shift_reg.ipc
reciever/src/RAM_based_shift_reg/RAM_based_shift_reg.vo
reciever/src/RAM_based_shift_reg/RAM_based_shift_reg_tmp.v
reciever/src/RAM_based_shift_reg/doc/
reciever/src/RAM_based_shift_reg/doc/ReadMe.txt
reciever/src/RAM_based_shift_reg/doc/flist.txt
reciever/src/RAM_based_shift_reg/sim/modelsim/
reciever/src/RAM_based_shift_reg/sim/modelsim/cmd.do
reciever/src/RAM_based_shift_reg/tb/
reciever/src/RAM_based_shift_reg/tb/tb.v
reciever/src/RAM_based_shift_reg/temp/RAM_Based_Shift_Register/
reciever/src/RAM_based_shift_reg/temp/RAM_Based_Shift_Register/RAM_Based_Shift_Register.prj
reciever/src/RAM_based_shift_reg/temp/RAM_Based_Shift_Register/RAM_based_shift_reg.log
reciever/src/RAM_based_shift_reg/temp/RAM_Based_Shift_Register/RAM_based_shift_reg.vg
reciever/src/RAM_based_shift_reg/temp/RAM_Based_Shift_Register/RAM_based_shift_reg_syn.rpt.html
reciever/src/RAM_based_shift_reg/temp/RAM_Based_Shift_Register/RAM_based_shift_reg_syn_resource.html
reciever/src/RAM_based_shift_reg/temp/RAM_Based_Shift_Register/RAM_based_shift_reg_syn_rsc.xml
reciever/src/RAM_based_shift_reg/temp/RAM_Based_Shift_Register/RAM_based_shift_reg_tmp.v
reciever/src/RAM_based_shift_reg/temp/RAM_Based_Shift_Register/project.ini
reciever/src/RAM_based_shift_reg/temp/RAM_Based_Shift_Register/shift_reg_define.v
reciever/src/RAM_based_shift_reg/temp/RAM_Based_Shift_Register/shift_reg_name.v
reciever/src/RAM_based_shift_reg/temp/RAM_Based_Shift_Register/shift_reg_parameter.v
reciever/src/RAM_based_shift_reg_top/
reciever/src/RAM_based_shift_reg_top/RAM_based_shift.ipc
reciever/src/RAM_based_shift_reg_top/RAM_based_shift.vo
reciever/src/RAM_based_shift_reg_top/RAM_based_shift_reg.ipc
reciever/src/RAM_based_shift_reg_top/RAM_based_shift_reg.vo
reciever/src/RAM_based_shift_reg_top/RAM_based_shift_reg_1b.ipc
reciever/src/RAM_based_shift_reg_top/RAM_based_shift_reg_1b.v
reciever/src/RAM_based_shift_reg_top/RAM_based_shift_reg_1b.vo
reciever/src/RAM_based_shift_reg_top/RAM_based_shift_reg_1b_tmp.v
reciever/src/RAM_based_shift_reg_top/RAM_based_shift_reg_tmp.v
reciever/src/RAM_based_shift_reg_top/RAM_based_shift_reg_top.ipc
reciever/src/RAM_based_shift_reg_top/RAM_based_shift_reg_top.vo
reciever/src/RAM_based_shift_reg_top/RAM_based_shift_reg_top_tmp.v
reciever/src/RAM_based_shift_reg_top/RAM_based_shift_tmp.v
reciever/src/RAM_based_shift_reg_top/doc/
reciever/src/RAM_based_shift_reg_top/doc/ReadMe.txt
reciever/src/RAM_based_shift_reg_top/doc/flist.txt
reciever/src/RAM_based_shift_reg_top/sim/modelsim/
reciever/src/RAM_based_shift_reg_top/sim/modelsim/cmd.do
reciever/src/RAM_based_shift_reg_top/tb/
reciever/src/RAM_based_shift_reg_top/tb/tb.v
reciever/src/RAM_based_shift_reg_top/temp/RAM_Based_Shift_Register/
reciever/src/RAM_based_shift_reg_top/temp/RAM_Based_Shift_Register/RAM_Based_Shift_Register.prj
reciever/src/RAM_based_shift_reg_top/temp/RAM_Based_Shift_Register/RAM_based_shift.log
reciever/src/RAM_based_shift_reg_top/temp/RAM_Based_Shift_Register/RAM_based_shift.vg
reciever/src/RAM_based_shift_reg_top/temp/RAM_Based_Shift_Register/RAM_based_shift_syn.rpt.html
reciever/src/RAM_based_shift_reg_top/temp/RAM_Based_Shift_Register/RAM_based_shift_syn_resource.html
reciever/src/RAM_based_shift_reg_top/temp/RAM_Based_Shift_Register/RAM_based_shift_syn_rsc.xml
reciever/src/RAM_based_shift_reg_top/temp/RAM_Based_Shift_Register/RAM_based_shift_tmp.v
reciever/src/RAM_based_shift_reg_top/temp/RAM_Based_Shift_Register/project.ini
reciever/src/RAM_based_shift_reg_top/temp/RAM_Based_Shift_Register/shift_reg_define.v
reciever/src/RAM_based_shift_reg_top/temp/RAM_Based_Shift_Register/shift_reg_name.v
reciever/src/RAM_based_shift_reg_top/temp/RAM_Based_Shift_Register/shift_reg_parameter.v
reciever/src/cic.v
reciever/src/cic_filter/
reciever/src/cic_filter/cic_filter_640.ipc
reciever/src/cic_filter/cic_filter_640.vo
reciever/src/cic_filter/cic_filter_640_tmp.v
reciever/src/cic_filter/cic_filter_d16.ipc
reciever/src/cic_filter/cic_filter_d16.vo
reciever/src/cic_filter/cic_filter_d16_tmp.v
reciever/src/cic_filter/cic_filter_d32.ipc
reciever/src/cic_filter/cic_filter_d32.vo
reciever/src/cic_filter/cic_filter_d32_tmp.v
reciever/src/cic_filter/temp/cic_filter/
reciever/src/cic_filter/temp/cic_filter/cic_filter.prj
reciever/src/cic_filter/temp/cic_filter/cic_filter_d16.log
reciever/src/cic_filter/temp/cic_filter/cic_filter_d16.vg
reciever/src/cic_filter/temp/cic_filter/cic_filter_d16_syn.rpt.html
reciever/src/cic_filter/temp/cic_filter/cic_filter_d16_syn_resource.html
reciever/src/cic_filter/temp/cic_filter/cic_filter_d16_syn_rsc.xml
reciever/src/cic_filter/temp/cic_filter/cic_filter_d16_tmp.v
reciever/src/cic_filter/temp/cic_filter/define.vh
reciever/src/cic_filter/temp/cic_filter/parameter.vh
reciever/src/cic_filter/temp/cic_filter/project.ini
reciever/src/cic_filter160/
reciever/src/cic_filter160/cic_filter160.ipc
reciever/src/cic_filter160/cic_filter160.vo
reciever/src/cic_filter160/cic_filter160_tmp.v
reciever/src/cic_filter160/temp/cic_filter/
reciever/src/cic_filter160/temp/cic_filter/cic_filter.prj
reciever/src/cic_filter160/temp/cic_filter/cic_filter160.vg
reciever/src/cic_filter160/temp/cic_filter/cic_filter160_syn.rpt.html
reciever/src/cic_filter160/temp/cic_filter/cic_filter160_syn_resource.html
reciever/src/cic_filter160/temp/cic_filter/cic_filter160_syn_rsc.xml
reciever/src/cic_filter160/temp/cic_filter/cic_filter160_tmp.v
reciever/src/cic_filter160/temp/cic_filter/define.vh
reciever/src/cic_filter160/temp/cic_filter/parameter.vh
reciever/src/cic_filter160/temp/cic_filter/project.ini
reciever/src/cic_filter_2/
reciever/src/cic_filter_2/cic_filter_2.ipc
reciever/src/cic_filter_2/cic_filter_2.vo
reciever/src/cic_filter_2/cic_filter_2_tmp.v
reciever/src/cic_filter_2/temp/cic_filter/
reciever/src/cic_filter_2/temp/cic_filter/cic_filter.prj
reciever/src/cic_filter_2/temp/cic_filter/cic_filter_2.vg
reciever/src/cic_filter_2/temp/cic_filter/cic_filter_2_syn.rpt.html
reciever/src/cic_filter_2/temp/cic_filter/cic_filter_2_syn_resource.html
reciever/src/cic_filter_2/temp/cic_filter/cic_filter_2_syn_rsc.xml
reciever/src/cic_filter_2/temp/cic_filter/cic_filter_2_tmp.v
reciever/src/cic_filter_2/temp/cic_filter/define.vh
reciever/src/cic_filter_2/temp/cic_filter/parameter.vh
reciever/src/cic_filter_2/temp/cic_filter/project.ini
reciever/src/clip_led.v
reciever/src/cordic_rx.v
reciever/src/data.mi
reciever/src/firx2r2.v
reciever/src/firx8x8.v
reciever/src/gowin_clkdiv/
reciever/src/gowin_clkdiv/gowin_clkdiv.ipc
reciever/src/gowin_clkdiv/gowin_clkdiv.mod
reciever/src/gowin_clkdiv/gowin_clkdiv5.ipc
reciever/src/gowin_clkdiv/gowin_clkdiv5.mod
reciever/src/gowin_clkdiv/gowin_clkdiv5.v
reciever/src/gowin_clkdiv/gowin_clkdiv5_tmp.v
reciever/src/gowin_clkdiv/gowin_clkdiv_i2ck.ipc
reciever/src/gowin_clkdiv/gowin_clkdiv_i2ck.mod
reciever/src/gowin_clkdiv/gowin_clkdiv_i2ck_tmp.v
reciever/src/gowin_clkdiv/gowin_clkdiv_tmp.v
reciever/src/gowin_clkdiv2/
reciever/src/gowin_clkdiv2/gowin_clkdiv2.ipc
reciever/src/gowin_clkdiv2/gowin_clkdiv2.mod
reciever/src/gowin_clkdiv2/gowin_clkdiv2_tmp.v
reciever/src/gowin_clkdiv4/
reciever/src/gowin_clkdiv4/gowin_clkdiv4.ipc
reciever/src/gowin_clkdiv4/gowin_clkdiv4.mod
reciever/src/gowin_clkdiv4/gowin_clkdiv4.v
reciever/src/gowin_clkdiv4/gowin_clkdiv4_tmp.v
reciever/src/gowin_clkdiv_4/
reciever/src/gowin_clkdiv_4/gowin_clkdiv_4.ipc
reciever/src/gowin_clkdiv_4/gowin_clkdiv_4.mod
reciever/src/gowin_clkdiv_4/gowin_clkdiv_4.v
reciever/src/gowin_clkdiv_4/gowin_clkdiv_4_tmp.v
reciever/src/gowin_mult/
reciever/src/gowin_mult/gowin_mult.ipc
reciever/src/gowin_mult/gowin_mult.mod
reciever/src/gowin_mult/gowin_mult_tmp.v
reciever/src/gowin_prom/
reciever/src/gowin_prom/gowin_prom.ipc
reciever/src/gowin_prom/gowin_prom.mod
reciever/src/gowin_prom/gowin_prom_2048.ipc
reciever/src/gowin_prom/gowin_prom_2048.mod
reciever/src/gowin_prom/gowin_prom_2048.v
reciever/src/gowin_prom/gowin_prom_2048_tmp.v
reciever/src/gowin_prom/gowin_prom_tmp.v
reciever/src/gowin_ram16sdp/
reciever/src/gowin_ram16sdp/gowin_ram16sdp.ipc
reciever/src/gowin_ram16sdp/gowin_ram16sdp.mod
reciever/src/gowin_ram16sdp/gowin_ram16sdp_tmp.v
reciever/src/gowin_rpll/
reciever/src/gowin_rpll/gowin_rpll.ipc
reciever/src/gowin_rpll/gowin_rpll.mod
reciever/src/gowin_rpll/gowin_rpll_tmp.v
reciever/src/i2c_control.v
reciever/src/i2s.v
reciever/src/ram36.v
reciever/src/ram48.v
reciever/src/reciever.cst
reciever/src/reciever.sdc
reciever/src/reciever.v
reciever/src/top_rx.v
reciever/src/transciever.cst
reciever/src/varcic.v


********* Files not Restored *********



********* Files Restored Failed *********
